Date and Time: 2025-08-06 02:17:37
Number of notes: 566 
Number of players: 9 
Parameters: {
  "numPlayers": 9,
  "playerHoldLimits": [
    2,
    2,
    2,
    2,
    2,
    2,
    2,
    2,
    2
  ],
  "playerOneHandedRolls": [
    false,
    false,
    false,
    false,
    false,
    false,
    false,
    false,
    false
  ],
  "playerSwitchTimes": [
    2,
    2,
    2,
    2,
    2,
    2,
    2,
    2,
    2
  ],
  "whackerQuantities": [
    2,
    3,
    5,
    3,
    5,
    5,
    3,
    5,
    3,
    5,
    3,
    5,
    7,
    4,
    4,
    4,
    4,
    4,
    4,
    5,
    4,
    4,
    4,
    4,
    2,
    2,
    2,
    2,
    2,
    2,
    2,
    2
  ]
} 
Pitches: 45 57 60 52 60 64 52 60 64 60 64 40 60 64 45 57 60 52 60 64 52 60 64 60 64 40 60 64 45 57 60 52 60 64 52 60 64 60 64 40 60 64 45 57 60 52 60 64 52 60 64 60 64 40 60 64 45 60 69 45 52 40 62 71 45 60 69 62 71 45 64 72 52 64 72 45 72 76 43 71 74 67 71 43 50 38 69 43 67 69 43 67 71 50 67 71 43 71 74 41 69 72 65 69 41 48 36 67 41 65 67 41 65 69 48 65 69 69 72 41 40 68 71 68 71 40 47 68 71 68 71 40 68 71 40 68 71 40 68 71 40 68 71 40 68 71 40 68 71 40 68 71 40 68 71 40 68 71 45 60 69 45 52 60 69 40 62 71 45 60 69 62 71 45 64 72 52 64 72 45 72 76 43 71 74 67 71 43 50 38 69 43 67 69 43 67 71 50 67 71 43 71 74 41 69 72 65 69 41 48 36 67 41 65 67 41 65 69 48 65 69 69 72 41 40 68 71 68 71 40 47 68 71 68 71 40 68 71 40 68 71 40 68 71 40 68 71 40 68 71 40 68 71 40 68 71 40 68 71 40 68 71 45 73 76 45 73 76 52 69 73 40 71 45 69 71 45 69 73 45 69 73 44 42 69 78 69 78 49 69 78 49 69 78 76 37 76 76 42 69 78 76 49 73 49 73 71 42 69 45 69 73 45 74 52 69 73 40 71 45 69 71 45 69 73 45 69 73 44 42 69 78 42 49 69 76 37 69 73 42 69 78 76 42 73 42 73 64 42 73 71 71 45 52 69 45 52 45 52 76 76 85 45 52 74 83 45 52 73 81 45 52 71 80 69 78 76 42 49 42 49 73 73 42 49 42 49 42 49 42 49 62 71 45 52 61 69 45 52 45 52 76 85 45 52 74 83 45 52 73 81 45 52 71 80 69 78 42 49 42 49 76 78 42 49 76 73 73 42 49 42 49 78 76 42 49 73 38 62 66 71 62 66 69 42 42 45 38 66 42 42 69 45 73 40 68 76 71 73 44 44 44 40 64 66 69 45 62 71 61 69 61 69 49 49 52 66 38 66 69 66 69 42 66 69 42 66 69 66 69 45 45 62 71 61 69 61 69 49 49 52 40 68 74 76 40 68 74 76 40 68 74 76 40 68 74 76 40 68 74 76 40 68 74 76 40 68 74 76 45 62 71 61 69 61 69 49 49 52 66 38 66 69 66 69 42 66 69 42 66 69 66 69 45 45 52 62 71 61 69 61 69 45 73 76 81 
Times: 0.000 0.188 0.375 0.562 0.562 0.562 0.750 0.750 0.750 0.938 0.938 1.125 1.312 1.312 1.500 1.688 1.875 2.062 2.062 2.062 2.250 2.250 2.250 2.438 2.438 2.625 2.812 2.812 3.000 3.188 3.375 3.562 3.562 3.562 3.750 3.750 3.750 3.938 3.938 4.125 4.312 4.312 4.500 4.688 4.875 5.062 5.062 5.062 5.250 5.250 5.250 5.438 5.438 5.625 5.812 5.812 6.000 6.375 6.375 6.562 6.750 7.125 7.125 7.125 7.500 7.500 7.500 7.875 7.875 8.062 8.062 8.062 8.250 8.250 8.250 8.625 8.625 8.625 9.000 9.000 9.000 9.375 9.375 9.562 9.750 10.125 10.125 10.500 10.500 10.688 11.062 11.062 11.062 11.250 11.250 11.250 11.625 11.625 11.625 12.000 12.000 12.000 12.375 12.375 12.562 12.750 13.125 13.125 13.500 13.500 13.875 14.062 14.062 14.062 14.250 14.250 14.250 14.438 14.438 14.625 15.000 15.000 15.000 15.375 15.375 15.562 15.750 15.750 15.750 15.938 15.938 16.312 16.312 16.312 16.500 16.500 16.500 16.688 16.688 16.688 16.875 16.875 16.875 17.062 17.062 17.062 17.250 17.250 17.250 17.438 17.438 17.438 17.625 17.625 17.625 17.812 17.812 17.812 18.000 18.375 18.375 18.562 18.750 18.750 18.750 19.125 19.125 19.125 19.500 19.500 19.500 19.875 19.875 20.062 20.062 20.062 20.250 20.250 20.250 20.625 20.625 20.625 21.000 21.000 21.000 21.375 21.375 21.562 21.750 22.125 22.125 22.500 22.500 22.875 23.062 23.062 23.062 23.250 23.250 23.250 23.625 23.625 23.625 24.000 24.000 24.000 24.375 24.375 24.562 24.750 25.125 25.125 25.500 25.500 25.875 26.062 26.062 26.062 26.250 26.250 26.250 26.438 26.438 26.625 27.000 27.000 27.000 27.375 27.375 27.562 27.750 27.750 27.750 27.938 27.938 28.312 28.312 28.312 28.500 28.500 28.500 28.688 28.688 28.688 28.875 28.875 28.875 29.062 29.062 29.062 29.250 29.250 29.250 29.438 29.438 29.438 29.625 29.625 29.625 29.812 29.812 29.812 30.000 30.375 30.375 30.562 30.562 30.562 30.750 30.750 30.750 31.125 31.125 31.500 31.500 31.688 32.062 32.062 32.062 32.250 32.250 32.250 32.625 33.000 33.188 33.188 33.375 33.375 33.562 33.562 33.562 33.750 33.750 33.750 33.938 34.125 34.125 34.312 34.500 34.500 34.500 34.875 35.062 35.062 35.250 35.250 35.438 35.625 35.625 36.000 36.375 36.375 36.562 36.562 36.750 36.750 36.750 37.125 37.125 37.500 37.500 37.688 38.062 38.062 38.062 38.250 38.250 38.250 38.625 39.000 39.375 39.375 39.562 39.750 39.750 39.750 40.125 40.125 40.125 40.500 40.500 40.500 40.688 41.062 41.062 41.250 41.250 41.438 41.625 41.625 41.812 42.000 42.375 42.375 42.375 42.562 42.562 43.125 43.125 43.312 43.500 43.500 43.875 43.875 43.875 43.875 44.062 44.062 44.250 44.250 44.625 44.625 44.625 44.625 45.000 45.000 45.188 45.375 45.375 45.562 45.562 45.562 45.750 46.125 46.125 46.875 46.875 47.062 47.062 47.625 47.625 48.000 48.000 48.375 48.375 48.375 48.375 48.562 48.562 49.125 49.125 49.500 49.500 49.875 49.875 49.875 49.875 50.062 50.062 50.250 50.250 50.625 50.625 50.625 50.625 51.000 51.000 51.375 51.375 51.562 51.562 51.750 51.938 52.125 52.125 52.125 52.312 52.500 52.875 52.875 53.062 53.062 53.250 53.438 53.625 53.625 53.625 54.000 54.000 54.000 54.000 54.375 54.375 54.375 54.562 54.750 55.125 55.500 55.875 56.062 56.250 56.250 56.625 56.625 57.000 57.000 57.000 57.188 57.375 57.562 57.750 58.125 58.500 58.875 59.250 59.625 60.000 60.000 60.000 60.188 60.188 60.375 60.375 60.562 60.750 61.125 61.312 61.500 61.500 61.500 61.688 61.688 62.062 62.062 62.062 62.250 62.250 62.250 62.438 62.438 62.625 nan nan nan nan nan nan nan nan nan nan nan nan nan nan nan nan nan nan nan nan nan nan nan nan nan nan nan nan nan nan nan nan nan nan nan nan nan nan 63.000 63.000 63.000 63.188 63.188 63.375 63.375 63.562 63.750 64.125 64.312 64.500 64.500 64.500 64.688 64.688 65.062 65.062 65.062 65.250 65.250 65.250 65.438 65.438 65.625 66.000 66.000 66.000 66.000 66.188 66.188 66.375 66.375 67.500 67.500 67.500 67.500 
Durations: 

Try MRP 45 0 0.000 Try Offload Basic Try Whacker Note assigned to Player 0 Whacker 57 capped 45 
Try MRP 57 1 0.188 Try Offload Basic Try Whacker Note assigned to Player 1 Whacker 57 uncapped 
Try MRP 60 2 0.375 Try Offload Basic Try Whacker Note assigned to Player 2 Whacker 60 uncapped 
Try MRP 52 3 0.562 Try Offload Basic Try Whacker Note assigned to Player 3 Whacker 52 uncapped 
Try MRP 60 4 0.562 Note assigned to Player 2 MRP 
Try MRP 64 5 0.562 Try Offload Basic Try Whacker Note assigned to Player 4 Whacker 64 uncapped 
Try MRP 52 6 0.750 Note assigned to Player 3 MRP 
Try MRP 60 7 0.750 Note assigned to Player 2 MRP 
Try MRP 64 8 0.750 Note assigned to Player 4 MRP 
Try MRP 60 9 0.938 Note assigned to Player 2 MRP 
Try MRP 64 10 0.938 Note assigned to Player 4 MRP 
Try MRP 40 11 1.125 Try Offload Basic Try Whacker Note assigned to Player 5 Whacker 52 capped 40 
Try MRP 60 12 1.312 Note assigned to Player 2 MRP 
Try MRP 64 13 1.312 Note assigned to Player 4 MRP 
Try MRP 45 14 1.500 Note assigned to Player 0 MRP 
Try MRP 57 15 1.688 Note assigned to Player 1 MRP 
Try MRP 60 16 1.875 Note assigned to Player 2 MRP 
Try MRP 52 17 2.062 Note assigned to Player 3 MRP 
Try MRP 60 18 2.062 Note assigned to Player 2 MRP 
Try MRP 64 19 2.062 Note assigned to Player 4 MRP 
Try MRP 52 20 2.250 Note assigned to Player 3 MRP 
Try MRP 60 21 2.250 Note assigned to Player 2 MRP 
Try MRP 64 22 2.250 Note assigned to Player 4 MRP 
Try MRP 60 23 2.438 Note assigned to Player 2 MRP 
Try MRP 64 24 2.438 Note assigned to Player 4 MRP 
Try MRP 40 25 2.625 Note assigned to Player 5 MRP 
Try MRP 60 26 2.812 Note assigned to Player 2 MRP 
Try MRP 64 27 2.812 Note assigned to Player 4 MRP 
Try MRP 45 28 3.000 Note assigned to Player 0 MRP 
Try MRP 57 29 3.188 Note assigned to Player 1 MRP 
Try MRP 60 30 3.375 Note assigned to Player 2 MRP 
Try MRP 52 31 3.562 Note assigned to Player 3 MRP 
Try MRP 60 32 3.562 Note assigned to Player 2 MRP 
Try MRP 64 33 3.562 Note assigned to Player 4 MRP 
Try MRP 52 34 3.750 Note assigned to Player 3 MRP 
Try MRP 60 35 3.750 Note assigned to Player 2 MRP 
Try MRP 64 36 3.750 Note assigned to Player 4 MRP 
Try MRP 60 37 3.938 Note assigned to Player 2 MRP 
Try MRP 64 38 3.938 Note assigned to Player 4 MRP 
Try MRP 40 39 4.125 Note assigned to Player 5 MRP 
Try MRP 60 40 4.312 Note assigned to Player 2 MRP 
Try MRP 64 41 4.312 Note assigned to Player 4 MRP 
Try MRP 45 42 4.500 Note assigned to Player 0 MRP 
Try MRP 57 43 4.688 Note assigned to Player 1 MRP 
Try MRP 60 44 4.875 Note assigned to Player 2 MRP 
Try MRP 52 45 5.062 Note assigned to Player 3 MRP 
Try MRP 60 46 5.062 Note assigned to Player 2 MRP 
Try MRP 64 47 5.062 Note assigned to Player 4 MRP 
Try MRP 52 48 5.250 Note assigned to Player 3 MRP 
Try MRP 60 49 5.250 Note assigned to Player 2 MRP 
Try MRP 64 50 5.250 Note assigned to Player 4 MRP 
Try MRP 60 51 5.438 Note assigned to Player 2 MRP 
Try MRP 64 52 5.438 Note assigned to Player 4 MRP 
Try MRP 40 53 5.625 Note assigned to Player 5 MRP 
Try MRP 60 54 5.812 Note assigned to Player 2 MRP 
Try MRP 64 55 5.812 Note assigned to Player 4 MRP 
Try MRP 45 56 6.000 Note assigned to Player 0 MRP 
Try MRP 60 57 6.375 Note assigned to Player 2 MRP 
Try MRP 69 58 6.375 Try Offload Basic Try Whacker Note assigned to Player 6 Whacker 69 uncapped 
Try MRP 45 59 6.562 Note assigned to Player 0 MRP 
Try MRP 52 60 6.750 Note assigned to Player 3 MRP 
Try MRP 40 61 7.125 Note assigned to Player 5 MRP 
Try MRP 62 62 7.125 Try Offload Basic Try Whacker Note assigned to Player 7 Whacker 62 uncapped 
Try MRP 71 63 7.125 Try Offload Basic Try Whacker Note assigned to Player 8 Whacker 71 uncapped 
Try MRP 45 64 7.500 Note assigned to Player 0 MRP 
Try MRP 60 65 7.500 Note assigned to Player 2 MRP 
Try MRP 69 66 7.500 Note assigned to Player 6 MRP 
Try MRP 62 67 7.875 Note assigned to Player 7 MRP 
Try MRP 71 68 7.875 Note assigned to Player 8 MRP 
Try MRP 45 69 8.062 Note assigned to Player 0 MRP 
Try MRP 64 70 8.062 Note assigned to Player 4 MRP 
Try MRP 72 71 8.062 Try Offload Basic Try Whacker Note assigned to Player 8 Whacker 72 uncapped 
Try MRP 52 72 8.250 Note assigned to Player 3 MRP 
Try MRP 64 73 8.250 Note assigned to Player 4 MRP 
Try MRP 72 74 8.250 Note assigned to Player 8 MRP 
Try MRP 45 75 8.625 Note assigned to Player 0 MRP 
Try MRP 72 76 8.625 Note assigned to Player 8 MRP 
Try MRP 76 77 8.625 Try Offload Basic Try Whacker Note assigned to Player 7 Whacker 76 uncapped 
Try MRP 43 78 9.000 Try Offload Basic Try Whacker Note assigned to Player 6 Whacker 55 capped 43 
Try MRP 71 79 9.000 Note assigned to Player 8 MRP 
Try MRP 74 80 9.000 Try Offload Basic Try Whacker Note assigned to Player 5 Whacker 74 uncapped 
Try MRP 67 81 9.375 Try Offload Basic Try Whacker Note assigned to Player 4 Whacker 67 uncapped 
Try MRP 71 82 9.375 Note assigned to Player 8 MRP 
Try MRP 43 83 9.562 Note assigned to Player 6 MRP 
Try MRP 50 84 9.750 Try Offload Basic Try Whacker Note assigned to Player 3 Whacker 50 uncapped 
Try MRP 38 85 10.125 Try Offload Basic Try Whacker Note assigned to Player 2 Whacker 50 capped 38 
Try MRP 69 86 10.125 Note assigned to Player 6 MRP 
Try MRP 43 87 10.500 Note assigned to Player 6 MRP 
Try MRP 67 88 10.500 Note assigned to Player 4 MRP 
Try MRP 69 89 10.688 Note assigned to Player 6 MRP 
Try MRP 43 90 11.062 Note assigned to Player 6 MRP 
Try MRP 67 91 11.062 Note assigned to Player 4 MRP 
Try MRP 71 92 11.062 Note assigned to Player 8 MRP 
Try MRP 50 93 11.250 Note assigned to Player 3 MRP 
Try MRP 67 94 11.250 Note assigned to Player 4 MRP 
Try MRP 71 95 11.250 Note assigned to Player 8 MRP 
Try MRP 43 96 11.625 Note assigned to Player 6 MRP 
Try MRP 71 97 11.625 Note assigned to Player 8 MRP 
Try MRP 74 98 11.625 Note assigned to Player 5 MRP 
Try MRP 41 99 12.000 Try Offload Basic Try Whacker Note assigned to Player 1 Whacker 53 capped 41 
Try MRP 69 100 12.000 Note assigned to Player 6 MRP 
Try MRP 72 101 12.000 Note assigned to Player 8 MRP 
Try MRP 65 102 12.375 Try Offload Basic Try Whacker Note assigned to Player 0 Whacker 65 uncapped 
Try MRP 69 103 12.375 Note assigned to Player 6 MRP 
Try MRP 41 104 12.562 Note assigned to Player 1 MRP 
Try MRP 48 105 12.750 Try Offload Basic Try Whacker Note assigned to Player 0 Whacker 60 capped 48 
Try MRP 36 106 13.125 Try Offload Basic Try Whacker Note assigned to Player 1 Whacker 48 capped 36 
Try MRP 67 107 13.125 Note assigned to Player 4 MRP 
Try MRP 41 108 13.500 Note assigned to Player 1 MRP 
Try MRP 65 109 13.500 Note assigned to Player 0 MRP 
Try MRP 67 110 13.875 Note assigned to Player 4 MRP 
Try MRP 41 111 14.062 Note assigned to Player 1 MRP 
Try MRP 65 112 14.062 Note assigned to Player 0 MRP 
Try MRP 69 113 14.062 Note assigned to Player 6 MRP 
Try MRP 48 114 14.250 Note assigned to Player 0 MRP 
Try MRP 65 115 14.250 Note assigned to Player 0 MRP 
Try MRP 69 116 14.250 Note assigned to Player 6 MRP 
Try MRP 69 117 14.438 Note assigned to Player 6 MRP 
Try MRP 72 118 14.438 Note assigned to Player 8 MRP 
Try MRP 41 119 14.625 Note assigned to Player 1 MRP 
Try MRP 40 120 15.000 Note assigned to Player 5 MRP 
Try MRP 68 121 15.000 Try Offload Basic Try Whacker Note assigned to Player 2 Whacker 68 uncapped 
Try MRP 71 122 15.000 Note assigned to Player 8 MRP 
Try MRP 68 123 15.375 Note assigned to Player 2 MRP 
Try MRP 71 124 15.375 Note assigned to Player 8 MRP 
Try MRP 40 125 15.562 Note assigned to Player 5 MRP 
Try MRP 47 126 15.750 Try Offload Basic Try Whacker Note assigned to Player 3 Whacker 59 capped 47 
Try MRP 68 127 15.750 Note assigned to Player 2 MRP 
Try MRP 71 128 15.750 Note assigned to Player 8 MRP 
Try MRP 68 129 15.938 Note assigned to Player 2 MRP 
Try MRP 71 130 15.938 Note assigned to Player 8 MRP 
Try MRP 40 131 16.312 Note assigned to Player 5 MRP 
Try MRP 68 132 16.312 Note assigned to Player 2 MRP 
Try MRP 71 133 16.312 Note assigned to Player 8 MRP 
Try MRP 40 134 16.500 Note assigned to Player 5 MRP 
Try MRP 68 135 16.500 Note assigned to Player 2 MRP 
Try MRP 71 136 16.500 Note assigned to Player 8 MRP 
Try MRP 40 137 16.688 Note assigned to Player 5 MRP 
Try MRP 68 138 16.688 Note assigned to Player 2 MRP 
Try MRP 71 139 16.688 Note assigned to Player 8 MRP 
Try MRP 40 140 16.875 Note assigned to Player 5 MRP 
Try MRP 68 141 16.875 Note assigned to Player 2 MRP 
Try MRP 71 142 16.875 Note assigned to Player 8 MRP 
Try MRP 40 143 17.062 Note assigned to Player 5 MRP 
Try MRP 68 144 17.062 Note assigned to Player 2 MRP 
Try MRP 71 145 17.062 Note assigned to Player 8 MRP 
Try MRP 40 146 17.250 Note assigned to Player 5 MRP 
Try MRP 68 147 17.250 Note assigned to Player 2 MRP 
Try MRP 71 148 17.250 Note assigned to Player 8 MRP 
Try MRP 40 149 17.438 Note assigned to Player 5 MRP 
Try MRP 68 150 17.438 Note assigned to Player 2 MRP 
Try MRP 71 151 17.438 Note assigned to Player 8 MRP 
Try MRP 40 152 17.625 Note assigned to Player 5 MRP 
Try MRP 68 153 17.625 Note assigned to Player 2 MRP 
Try MRP 71 154 17.625 Note assigned to Player 8 MRP 
Try MRP 40 155 17.812 Note assigned to Player 5 MRP 
Try MRP 68 156 17.812 Note assigned to Player 2 MRP 
Try MRP 71 157 17.812 Note assigned to Player 8 MRP 
Try MRP 45 158 18.000 Note assigned to Player 0 MRP 
Try MRP 60 159 18.375 Note assigned to Player 2 MRP 
Try MRP 69 160 18.375 Note assigned to Player 6 MRP 
Try MRP 45 161 18.562 Note assigned to Player 0 MRP 
Try MRP 52 162 18.750 Note assigned to Player 3 MRP 
Try MRP 60 163 18.750 Note assigned to Player 2 MRP 
Try MRP 69 164 18.750 Note assigned to Player 6 MRP 
Try MRP 40 165 19.125 Note assigned to Player 5 MRP 
Try MRP 62 166 19.125 Note assigned to Player 7 MRP 
Try MRP 71 167 19.125 Note assigned to Player 8 MRP 
Try MRP 45 168 19.500 Note assigned to Player 0 MRP 
Try MRP 60 169 19.500 Note assigned to Player 2 MRP 
Try MRP 69 170 19.500 Note assigned to Player 6 MRP 
Try MRP 62 171 19.875 Note assigned to Player 7 MRP 
Try MRP 71 172 19.875 Note assigned to Player 8 MRP 
Try MRP 45 173 20.062 Note assigned to Player 0 MRP 
Try MRP 64 174 20.062 Note assigned to Player 4 MRP 
Try MRP 72 175 20.062 Note assigned to Player 8 MRP 
Try MRP 52 176 20.250 Note assigned to Player 3 MRP 
Try MRP 64 177 20.250 Note assigned to Player 4 MRP 
Try MRP 72 178 20.250 Note assigned to Player 8 MRP 
Try MRP 45 179 20.625 Note assigned to Player 0 MRP 
Try MRP 72 180 20.625 Note assigned to Player 8 MRP 
Try MRP 76 181 20.625 Note assigned to Player 7 MRP 
Try MRP 43 182 21.000 Note assigned to Player 6 MRP 
Try MRP 71 183 21.000 Note assigned to Player 8 MRP 
Try MRP 74 184 21.000 Note assigned to Player 5 MRP 
Try MRP 67 185 21.375 Note assigned to Player 4 MRP 
Try MRP 71 186 21.375 Note assigned to Player 8 MRP 
Try MRP 43 187 21.562 Note assigned to Player 6 MRP 
Try MRP 50 188 21.750 Note assigned to Player 3 MRP 
Try MRP 38 189 22.125 Note assigned to Player 2 MRP 
Try MRP 69 190 22.125 Note assigned to Player 6 MRP 
Try MRP 43 191 22.500 Note assigned to Player 6 MRP 
Try MRP 67 192 22.500 Note assigned to Player 4 MRP 
Try MRP 69 193 22.875 Note assigned to Player 6 MRP 
Try MRP 43 194 23.062 Note assigned to Player 6 MRP 
Try MRP 67 195 23.062 Note assigned to Player 4 MRP 
Try MRP 71 196 23.062 Note assigned to Player 8 MRP 
Try MRP 50 197 23.250 Note assigned to Player 3 MRP 
Try MRP 67 198 23.250 Note assigned to Player 4 MRP 
Try MRP 71 199 23.250 Note assigned to Player 8 MRP 
Try MRP 43 200 23.625 Note assigned to Player 6 MRP 
Try MRP 71 201 23.625 Note assigned to Player 8 MRP 
Try MRP 74 202 23.625 Note assigned to Player 5 MRP 
Try MRP 41 203 24.000 Note assigned to Player 1 MRP 
Try MRP 69 204 24.000 Note assigned to Player 6 MRP 
Try MRP 72 205 24.000 Note assigned to Player 8 MRP 
Try MRP 65 206 24.375 Note assigned to Player 0 MRP 
Try MRP 69 207 24.375 Note assigned to Player 6 MRP 
Try MRP 41 208 24.562 Note assigned to Player 1 MRP 
Try MRP 48 209 24.750 Note assigned to Player 0 MRP 
Try MRP 36 210 25.125 Note assigned to Player 1 MRP 
Try MRP 67 211 25.125 Note assigned to Player 4 MRP 
Try MRP 41 212 25.500 Note assigned to Player 1 MRP 
Try MRP 65 213 25.500 Note assigned to Player 0 MRP 
Try MRP 67 214 25.875 Note assigned to Player 4 MRP 
Try MRP 41 215 26.062 Note assigned to Player 1 MRP 
Try MRP 65 216 26.062 Note assigned to Player 0 MRP 
Try MRP 69 217 26.062 Note assigned to Player 6 MRP 
Try MRP 48 218 26.250 Note assigned to Player 0 MRP 
Try MRP 65 219 26.250 Note assigned to Player 0 MRP 
Try MRP 69 220 26.250 Note assigned to Player 6 MRP 
Try MRP 69 221 26.438 Note assigned to Player 6 MRP 
Try MRP 72 222 26.438 Note assigned to Player 8 MRP 
Try MRP 41 223 26.625 Note assigned to Player 1 MRP 
Try MRP 40 224 27.000 Note assigned to Player 5 MRP 
Try MRP 68 225 27.000 Note assigned to Player 2 MRP 
Try MRP 71 226 27.000 Note assigned to Player 8 MRP 
Try MRP 68 227 27.375 Note assigned to Player 2 MRP 
Try MRP 71 228 27.375 Note assigned to Player 8 MRP 
Try MRP 40 229 27.562 Note assigned to Player 5 MRP 
Try MRP 47 230 27.750 Note assigned to Player 3 MRP 
Try MRP 68 231 27.750 Note assigned to Player 2 MRP 
Try MRP 71 232 27.750 Note assigned to Player 8 MRP 
Try MRP 68 233 27.938 Note assigned to Player 2 MRP 
Try MRP 71 234 27.938 Note assigned to Player 8 MRP 
Try MRP 40 235 28.312 Note assigned to Player 5 MRP 
Try MRP 68 236 28.312 Note assigned to Player 2 MRP 
Try MRP 71 237 28.312 Note assigned to Player 8 MRP 
Try MRP 40 238 28.500 Note assigned to Player 5 MRP 
Try MRP 68 239 28.500 Note assigned to Player 2 MRP 
Try MRP 71 240 28.500 Note assigned to Player 8 MRP 
Try MRP 40 241 28.688 Note assigned to Player 5 MRP 
Try MRP 68 242 28.688 Note assigned to Player 2 MRP 
Try MRP 71 243 28.688 Note assigned to Player 8 MRP 
Try MRP 40 244 28.875 Note assigned to Player 5 MRP 
Try MRP 68 245 28.875 Note assigned to Player 2 MRP 
Try MRP 71 246 28.875 Note assigned to Player 8 MRP 
Try MRP 40 247 29.062 Note assigned to Player 5 MRP 
Try MRP 68 248 29.062 Note assigned to Player 2 MRP 
Try MRP 71 249 29.062 Note assigned to Player 8 MRP 
Try MRP 40 250 29.250 Note assigned to Player 5 MRP 
Try MRP 68 251 29.250 Note assigned to Player 2 MRP 
Try MRP 71 252 29.250 Note assigned to Player 8 MRP 
Try MRP 40 253 29.438 Note assigned to Player 5 MRP 
Try MRP 68 254 29.438 Note assigned to Player 2 MRP 
Try MRP 71 255 29.438 Note assigned to Player 8 MRP 
Try MRP 40 256 29.625 Note assigned to Player 5 MRP 
Try MRP 68 257 29.625 Note assigned to Player 2 MRP 
Try MRP 71 258 29.625 Note assigned to Player 8 MRP 
Try MRP 40 259 29.812 Note assigned to Player 5 MRP 
Try MRP 68 260 29.812 Note assigned to Player 2 MRP 
Try MRP 71 261 29.812 Note assigned to Player 8 MRP 
Try MRP 45 262 30.000 Note assigned to Player 0 MRP 
Try MRP 73 263 30.375 Try Offload Basic Try Whacker Note assigned to Player 4 Whacker 73 uncapped 
Try MRP 76 264 30.375 Note assigned to Player 7 MRP 
Try MRP 45 265 30.562 Note assigned to Player 0 MRP 
Try MRP 73 266 30.562 Note assigned to Player 4 MRP 
Try MRP 76 267 30.562 Note assigned to Player 7 MRP 
Try MRP 52 268 30.750 Note assigned to Player 3 MRP 
Try MRP 69 269 30.750 Note assigned to Player 6 MRP 
Try MRP 73 270 30.750 Note assigned to Player 4 MRP 
Try MRP 40 271 31.125 Note assigned to Player 5 MRP 
Try MRP 71 272 31.125 Note assigned to Player 8 MRP 
Try MRP 45 273 31.500 Note assigned to Player 0 MRP 
Try MRP 69 274 31.500 Note assigned to Player 6 MRP 
Try MRP 71 275 31.688 Note assigned to Player 8 MRP 
Try MRP 45 276 32.062 Note assigned to Player 0 MRP 
Try MRP 69 277 32.062 Note assigned to Player 6 MRP 
Try MRP 73 278 32.062 Note assigned to Player 4 MRP 
Try MRP 45 279 32.250 Note assigned to Player 0 MRP 
Try MRP 69 280 32.250 Note assigned to Player 6 MRP 
Try MRP 73 281 32.250 Note assigned to Player 4 MRP 
Try MRP 44 282 32.625 Try Offload Basic Try Whacker Note assigned to Player 5 Whacker 56 capped 44 
Try MRP 42 283 33.000 Try Offload Basic Try Whacker Note assigned to Player 6 Whacker 54 capped 42 
Try MRP 69 284 33.188 Note assigned to Player 6 MRP 
Try MRP 78 285 33.188 Try Offload Basic Try Whacker Note assigned to Player 7 Whacker 78 uncapped 
Try MRP 69 286 33.375 Note assigned to Player 6 MRP 
Try MRP 78 287 33.375 Note assigned to Player 7 MRP 
Try MRP 49 288 33.562 Try Offload Basic Try Whacker Note assigned to Player 8 Whacker 61 capped 49 
Try MRP 69 289 33.562 Note assigned to Player 6 MRP 
Try MRP 78 290 33.562 Note assigned to Player 7 MRP 
Try MRP 49 291 33.750 Note assigned to Player 8 MRP 
Try MRP 69 292 33.750 Note assigned to Player 6 MRP 
Try MRP 78 293 33.750 Note assigned to Player 7 MRP 
Try MRP 76 294 33.938 Note assigned to Player 7 MRP 
Try MRP 37 295 34.125 Try Offload Basic Try Whacker Note assigned to Player 8 Whacker 49 capped 37 
Try MRP 76 296 34.125 Note assigned to Player 7 MRP 
Try MRP 76 297 34.312 Note assigned to Player 7 MRP 
Try MRP 42 298 34.500 Note assigned to Player 6 MRP 
Try MRP 69 299 34.500 Note assigned to Player 6 MRP 
Try MRP 78 300 34.500 Note assigned to Player 7 MRP 
Try MRP 76 301 34.875 Note assigned to Player 7 MRP 
Try MRP 49 302 35.062 Note assigned to Player 8 MRP 
Try MRP 73 303 35.062 Note assigned to Player 4 MRP 
Try MRP 49 304 35.250 Note assigned to Player 8 MRP 
Try MRP 73 305 35.250 Note assigned to Player 4 MRP 
Try MRP 71 306 35.438 Try Offload Basic Try Whacker Note assigned to Player 5 Whacker 71 uncapped 
Try MRP 42 307 35.625 Note assigned to Player 6 MRP 
Try MRP 69 308 35.625 Note assigned to Player 6 MRP 
Try MRP 45 309 36.000 Note assigned to Player 0 MRP 
Try MRP 69 310 36.375 Note assigned to Player 6 MRP 
Try MRP 73 311 36.375 Note assigned to Player 4 MRP 
Try MRP 45 312 36.562 Note assigned to Player 0 MRP 
Try MRP 74 313 36.562 Note assigned to Player 5 MRP 
Try MRP 52 314 36.750 Note assigned to Player 3 MRP 
Try MRP 69 315 36.750 Note assigned to Player 6 MRP 
Try MRP 73 316 36.750 Note assigned to Player 4 MRP 
Try MRP 40 317 37.125 Try Offload Basic Before After Mid Try Whacker Note assigned to Player 7 Whacker 52 capped 40 
Try MRP 71 318 37.125 Note assigned to Player 5 MRP 
Try MRP 45 319 37.500 Note assigned to Player 0 MRP 
Try MRP 69 320 37.500 Note assigned to Player 6 MRP 
Try MRP 71 321 37.688 Note assigned to Player 5 MRP 
Try MRP 45 322 38.062 Note assigned to Player 0 MRP 
Try MRP 69 323 38.062 Note assigned to Player 6 MRP 
Try MRP 73 324 38.062 Note assigned to Player 4 MRP 
Try MRP 45 325 38.250 Note assigned to Player 0 MRP 
Try MRP 69 326 38.250 Note assigned to Player 6 MRP 
Try MRP 73 327 38.250 Note assigned to Player 4 MRP 
Try MRP 44 328 38.625 Note assigned to Player 5 MRP 
Try MRP 42 329 39.000 Note assigned to Player 6 MRP 
Try MRP 69 330 39.375 Note assigned to Player 6 MRP 
Try MRP 78 331 39.375 Note assigned to Player 7 MRP 
Try MRP 42 332 39.562 Note assigned to Player 6 MRP 
Try MRP 49 333 39.750 Note assigned to Player 8 MRP 
Try MRP 69 334 39.750 Note assigned to Player 6 MRP 
Try MRP 76 335 39.750 Note assigned to Player 7 MRP 
Try MRP 37 336 40.125 Note assigned to Player 8 MRP 
Try MRP 69 337 40.125 Note assigned to Player 6 MRP 
Try MRP 73 338 40.125 Note assigned to Player 4 MRP 
Try MRP 42 339 40.500 Note assigned to Player 6 MRP 
Try MRP 69 340 40.500 Note assigned to Player 6 MRP 
Try MRP 78 341 40.500 Note assigned to Player 7 MRP 
Try MRP 76 342 40.688 Note assigned to Player 7 MRP 
Try MRP 42 343 41.062 Note assigned to Player 6 MRP 
Try MRP 73 344 41.062 Note assigned to Player 4 MRP 
Try MRP 42 345 41.250 Note assigned to Player 6 MRP 
Try MRP 73 346 41.250 Note assigned to Player 4 MRP 
Try MRP 64 347 41.438 Note assigned to Player 4 MRP 
Try MRP 42 348 41.625 Note assigned to Player 6 MRP 
Try MRP 73 349 41.625 Note assigned to Player 4 MRP 
Try MRP 71 350 41.812 Note assigned to Player 5 MRP 
Try MRP 71 351 42.000 Note assigned to Player 5 MRP 
Try MRP 45 352 42.375 Note assigned to Player 0 MRP 
Try MRP 52 353 42.375 Note assigned to Player 3 MRP 
Try MRP 69 354 42.375 Note assigned to Player 6 MRP 
Try MRP 45 355 42.562 Note assigned to Player 0 MRP 
Try MRP 52 356 42.562 Note assigned to Player 3 MRP 
Try MRP 45 357 43.125 Note assigned to Player 0 MRP 
Try MRP 52 358 43.125 Note assigned to Player 3 MRP 
Try MRP 76 359 43.312 Note assigned to Player 7 MRP 
Try MRP 76 360 43.500 Note assigned to Player 7 MRP Conflicting 
Try MRP 45 362 43.875 Note assigned to Player 0 MRP 
Try MRP 52 363 43.875 Note assigned to Player 3 MRP 
Try MRP 74 364 43.875 Note assigned to Player 5 MRP Conflicting 
Try MRP 45 366 44.062 Note assigned to Player 0 MRP 
Try MRP 52 367 44.062 Note assigned to Player 3 MRP 
Try MRP 73 368 44.250 Note assigned to Player 4 MRP Conflicting 
Try MRP 45 370 44.625 Note assigned to Player 0 MRP 
Try MRP 52 371 44.625 Note assigned to Player 3 MRP 
Try MRP 71 372 44.625 Note assigned to Player 5 MRP Conflicting 
Try MRP 69 374 45.000 Note assigned to Player 6 MRP 
Try MRP 78 375 45.000 Note assigned to Player 7 MRP 
Try MRP 76 376 45.188 Note assigned to Player 7 MRP 
Try MRP 42 377 45.375 Note assigned to Player 6 MRP 
Try MRP 49 378 45.375 Note assigned to Player 8 MRP 
Try MRP 42 379 45.562 Note assigned to Player 6 MRP 
Try MRP 49 380 45.562 Note assigned to Player 8 MRP 
Try MRP 73 381 45.562 Note assigned to Player 4 MRP 
Try MRP 73 382 45.750 Note assigned to Player 4 MRP 
Try MRP 42 383 46.125 Note assigned to Player 6 MRP 
Try MRP 49 384 46.125 Note assigned to Player 8 MRP 
Try MRP 42 385 46.875 Note assigned to Player 6 MRP 
Try MRP 49 386 46.875 Note assigned to Player 8 MRP 
Try MRP 42 387 47.062 Note assigned to Player 6 MRP 
Try MRP 49 388 47.062 Note assigned to Player 8 MRP 
Try MRP 42 389 47.625 Note assigned to Player 6 MRP 
Try MRP 49 390 47.625 Note assigned to Player 8 MRP 
Try MRP 62 391 48.000 Note assigned to Player 7 MRP 
Try MRP 71 392 48.000 Note assigned to Player 5 MRP 
Try MRP 45 393 48.375 Note assigned to Player 0 MRP 
Try MRP 52 394 48.375 Note assigned to Player 3 MRP 
Try MRP 61 395 48.375 Try Offload Basic Try Whacker Note assigned to Player 6 Whacker 61 uncapped 
Try MRP 69 396 48.375 Try Offload Basic Try Whacker Note assigned to Player 4 Whacker 69 uncapped 
Try MRP 45 397 48.562 Note assigned to Player 0 MRP 
Try MRP 52 398 48.562 Note assigned to Player 3 MRP 
Try MRP 45 399 49.125 Note assigned to Player 0 MRP 
Try MRP 52 400 49.125 Note assigned to Player 3 MRP 
Try MRP 76 401 49.500 Note assigned to Player 7 MRP Conflicting 
Try MRP 45 403 49.875 Note assigned to Player 0 MRP 
Try MRP 52 404 49.875 Note assigned to Player 3 MRP 
Try MRP 74 405 49.875 Note assigned to Player 5 MRP Conflicting 
Try MRP 45 407 50.062 Note assigned to Player 0 MRP 
Try MRP 52 408 50.062 Note assigned to Player 3 MRP 
Try MRP 73 409 50.250 Note assigned to Player 4 MRP Conflicting 
Try MRP 45 411 50.625 Note assigned to Player 0 MRP 
Try MRP 52 412 50.625 Note assigned to Player 3 MRP 
Try MRP 71 413 50.625 Note assigned to Player 5 MRP Conflicting 
Try MRP 69 415 51.000 Note assigned to Player 4 MRP 
Try MRP 78 416 51.000 Note assigned to Player 7 MRP 
Try MRP 42 417 51.375 Note assigned to Player 6 MRP 
Try MRP 49 418 51.375 Note assigned to Player 8 MRP 
Try MRP 42 419 51.562 Note assigned to Player 6 MRP 
Try MRP 49 420 51.562 Note assigned to Player 8 MRP 
Try MRP 76 421 51.750 Note assigned to Player 7 MRP 
Try MRP 78 422 51.938 Note assigned to Player 7 MRP 
Try MRP 42 423 52.125 Note assigned to Player 6 MRP 
Try MRP 49 424 52.125 Note assigned to Player 8 MRP 
Try MRP 76 425 52.125 Note assigned to Player 7 MRP 
Try MRP 73 426 52.312 Note assigned to Player 4 MRP 
Try MRP 73 427 52.500 Note assigned to Player 4 MRP 
Try MRP 42 428 52.875 Note assigned to Player 6 MRP 
Try MRP 49 429 52.875 Note assigned to Player 8 MRP 
Try MRP 42 430 53.062 Note assigned to Player 6 MRP 
Try MRP 49 431 53.062 Note assigned to Player 8 MRP 
Try MRP 78 432 53.250 Note assigned to Player 7 MRP 
Try MRP 76 433 53.438 Note assigned to Player 7 MRP 
Try MRP 42 434 53.625 Note assigned to Player 6 MRP 
Try MRP 49 435 53.625 Note assigned to Player 8 MRP 
Try MRP 73 436 53.625 Note assigned to Player 4 MRP 
Try MRP 38 437 54.000 Note assigned to Player 2 MRP 
Try MRP 62 438 54.000 Try Offload Basic Try Whacker Note assigned to Player 3 Whacker 62 uncapped 
Try MRP 66 439 54.000 Try Offload Basic Try Whacker Note assigned to Player 2 Whacker 66 uncapped 
Try MRP 71 440 54.000 Note assigned to Player 5 MRP 
Try MRP 62 441 54.375 Note assigned to Player 3 MRP 
Try MRP 66 442 54.375 Note assigned to Player 2 MRP 
Try MRP 69 443 54.375 Note assigned to Player 4 MRP 
Try MRP 42 444 54.562 Note assigned to Player 6 MRP 
Try MRP 42 445 54.750 Note assigned to Player 6 MRP 
Try MRP 45 446 55.125 Note assigned to Player 0 MRP 
Try MRP 38 447 55.500 Note assigned to Player 2 MRP 
Try MRP 66 448 55.875 Note assigned to Player 2 MRP 
Try MRP 42 449 56.062 Note assigned to Player 6 MRP 
Try MRP 42 450 56.250 Note assigned to Player 6 MRP 
Try MRP 69 451 56.250 Note assigned to Player 4 MRP 
Try MRP 45 452 56.625 Note assigned to Player 0 MRP 
Try MRP 73 453 56.625 Note assigned to Player 4 MRP 
Try MRP 40 454 57.000 Note assigned to Player 7 MRP 
Try MRP 68 455 57.000 Try Offload Basic Try Whacker Note assigned to Player 1 Whacker 68 uncapped 
Try MRP 76 456 57.000 Note assigned to Player 7 MRP 
Try MRP 71 457 57.188 Note assigned to Player 5 MRP 
Try MRP 73 458 57.375 Note assigned to Player 4 MRP 
Try MRP 44 459 57.562 Note assigned to Player 5 MRP 
Try MRP 44 460 57.750 Note assigned to Player 5 MRP 
Try MRP 44 461 58.125 Note assigned to Player 5 MRP 
Try MRP 40 462 58.500 Note assigned to Player 7 MRP 
Try MRP 64 463 58.875 Note assigned to Player 4 MRP 
Try MRP 66 464 59.250 Note assigned to Player 2 MRP 
Try MRP 69 465 59.625 Note assigned to Player 4 MRP 
Try MRP 45 466 60.000 Note assigned to Player 0 MRP 
Try MRP 62 467 60.000 Note assigned to Player 3 MRP 
Try MRP 71 468 60.000 Note assigned to Player 5 MRP 
Try MRP 61 469 60.188 Note assigned to Player 6 MRP 
Try MRP 69 470 60.188 Note assigned to Player 4 MRP 
Try MRP 61 471 60.375 Note assigned to Player 6 MRP 
Try MRP 69 472 60.375 Note assigned to Player 4 MRP 
Try MRP 49 473 60.562 Note assigned to Player 8 MRP 
Try MRP 49 474 60.750 Note assigned to Player 8 MRP 
Try MRP 52 475 61.125 Note assigned to Player 3 MRP 
Try MRP 66 476 61.312 Note assigned to Player 2 MRP 
Try MRP 38 477 61.500 Note assigned to Player 2 MRP 
Try MRP 66 478 61.500 Note assigned to Player 2 MRP 
Try MRP 69 479 61.500 Note assigned to Player 4 MRP 
Try MRP 66 480 61.688 Note assigned to Player 2 MRP 
Try MRP 69 481 61.688 Note assigned to Player 4 MRP 
Try MRP 42 482 62.062 Note assigned to Player 6 MRP 
Try MRP 66 483 62.062 Note assigned to Player 2 MRP 
Try MRP 69 484 62.062 Note assigned to Player 4 MRP 
Try MRP 42 485 62.250 Note assigned to Player 6 MRP 
Try MRP 66 486 62.250 Note assigned to Player 2 MRP 
Try MRP 69 487 62.250 Note assigned to Player 4 MRP 
Try MRP 66 488 62.438 Note assigned to Player 2 MRP 
Try MRP 69 489 62.438 Note assigned to Player 4 MRP 
Try MRP 45 490 62.625 Note assigned to Player 0 MRP 
Try MRP 45 491 nan Note assigned to Player 0 MRP 
Try MRP 62 492 nan Note assigned to Player 3 MRP 
Try MRP 71 493 nan Note assigned to Player 5 MRP 
Try MRP 61 494 nan Note assigned to Player 6 MRP 
Try MRP 69 495 nan Note assigned to Player 4 MRP 
Try MRP 61 496 nan Note assigned to Player 6 MRP 
Try MRP 69 497 nan Note assigned to Player 4 MRP 
Try MRP 49 498 nan Note assigned to Player 8 MRP 
Try MRP 49 499 nan Note assigned to Player 8 MRP 
Try MRP 52 500 nan Note assigned to Player 3 MRP 
Try MRP 40 501 nan Note assigned to Player 7 MRP 
Try MRP 68 502 nan Note assigned to Player 1 MRP 
Try MRP 74 503 nan Note assigned to Player 5 MRP 
Try MRP 76 504 nan Note assigned to Player 7 MRP 
Try MRP 40 505 nan Note assigned to Player 7 MRP 
Try MRP 68 506 nan Note assigned to Player 1 MRP 
Try MRP 74 507 nan Note assigned to Player 5 MRP 
Try MRP 76 508 nan Note assigned to Player 7 MRP 
Try MRP 40 509 nan Note assigned to Player 7 MRP 
Try MRP 68 510 nan Note assigned to Player 1 MRP 
Try MRP 74 511 nan Note assigned to Player 5 MRP 
Try MRP 76 512 nan Note assigned to Player 7 MRP 
Try MRP 40 513 nan Note assigned to Player 7 MRP 
Try MRP 68 514 nan Note assigned to Player 1 MRP 
Try MRP 74 515 nan Note assigned to Player 5 MRP 
Try MRP 76 516 nan Note assigned to Player 7 MRP 
Try MRP 40 517 nan Note assigned to Player 7 MRP 
Try MRP 68 518 nan Note assigned to Player 1 MRP 
Try MRP 74 519 nan Note assigned to Player 5 MRP 
Try MRP 76 520 nan Note assigned to Player 7 MRP 
Try MRP 40 521 nan Note assigned to Player 7 MRP 
Try MRP 68 522 nan Note assigned to Player 1 MRP 
Try MRP 74 523 nan Note assigned to Player 5 MRP 
Try MRP 76 524 nan Note assigned to Player 7 MRP 
Try MRP 40 525 nan Note assigned to Player 7 MRP 
Try MRP 68 526 nan Note assigned to Player 1 MRP 
Try MRP 74 527 nan Note assigned to Player 5 MRP 
Try MRP 76 528 nan Note assigned to Player 7 MRP 
Try MRP 45 529 63.000 Note assigned to Player 0 MRP 
Try MRP 62 530 63.000 Note assigned to Player 3 MRP 
Try MRP 71 531 63.000 Note assigned to Player 5 MRP 
Try MRP 61 532 63.188 Note assigned to Player 6 MRP 
Try MRP 69 533 63.188 Note assigned to Player 4 MRP 
Try MRP 61 534 63.375 Note assigned to Player 6 MRP 
Try MRP 69 535 63.375 Note assigned to Player 4 MRP 
Try MRP 49 536 63.562 Note assigned to Player 8 MRP 
Try MRP 49 537 63.750 Note assigned to Player 8 MRP 
Try MRP 52 538 64.125 Note assigned to Player 3 MRP 
Try MRP 66 539 64.312 Note assigned to Player 2 MRP 
Try MRP 38 540 64.500 Note assigned to Player 2 MRP 
Try MRP 66 541 64.500 Note assigned to Player 2 MRP 
Try MRP 69 542 64.500 Note assigned to Player 4 MRP 
Try MRP 66 543 64.688 Note assigned to Player 2 MRP 
Try MRP 69 544 64.688 Note assigned to Player 4 MRP 
Try MRP 42 545 65.062 Note assigned to Player 6 MRP 
Try MRP 66 546 65.062 Note assigned to Player 2 MRP 
Try MRP 69 547 65.062 Note assigned to Player 4 MRP 
Try MRP 42 548 65.250 Note assigned to Player 6 MRP 
Try MRP 66 549 65.250 Note assigned to Player 2 MRP 
Try MRP 69 550 65.250 Note assigned to Player 4 MRP 
Try MRP 66 551 65.438 Note assigned to Player 2 MRP 
Try MRP 69 552 65.438 Note assigned to Player 4 MRP 
Try MRP 45 553 65.625 Note assigned to Player 0 MRP 
Try MRP 45 554 66.000 Note assigned to Player 0 MRP 
Try MRP 52 555 66.000 Note assigned to Player 3 MRP 
Try MRP 62 556 66.000 Note assigned to Player 3 MRP 
Try MRP 71 557 66.000 Note assigned to Player 5 MRP 
Try MRP 61 558 66.188 Note assigned to Player 6 MRP 
Try MRP 69 559 66.188 Note assigned to Player 4 MRP 
Try MRP 61 560 66.375 Note assigned to Player 6 MRP 
Try MRP 69 561 66.375 Note assigned to Player 4 MRP 
Try MRP 45 562 67.500 Note assigned to Player 0 MRP 
Try MRP 73 563 67.500 Note assigned to Player 4 MRP 
Try MRP 76 564 67.500 Note assigned to Player 7 MRP Conflicting 
Whacker 0 1 0 
Whacker 1 1 0 0 
Whacker 2 1 1 0 0 0 
Whacker 3 0 0 0 
Whacker 4 1 1 1 0 0 
Whacker 5 1 0 0 0 0 
Whacker 6 1 0 0 
Whacker 7 1 0 0 0 0 
Whacker 8 1 0 0 
Whacker 9 1 1 0 0 0 
Whacker 10 0 0 0 
Whacker 11 1 0 0 0 0 
Whacker 12 1 1 0 0 0 0 0 
Whacker 13 1 1 0 0 
Whacker 14 1 1 0 0 
Whacker 15 0 0 0 0 
Whacker 16 1 0 0 0 
Whacker 17 1 0 0 0 
Whacker 18 1 0 0 0 
Whacker 19 1 0 0 0 0 
Whacker 20 1 1 0 0 
Whacker 21 1 1 0 0 
Whacker 22 0 0 0 0 
Whacker 23 1 1 0 0 
Whacker 24 1 0 
Whacker 25 1 0 
Whacker 26 1 0 
Whacker 27 0 0 
Whacker 28 1 0 
Whacker 29 0 0 
Whacker 30 1 0 
Whacker 31 0 0 
Player 0 *Low A *Mid C Mid F 
Player 1 *Low C *Low F Low A Mid G# 
Player 2 *Low D Mid C Mid F# Mid G# 
Player 3 *Low B Low D Low E Mid D 
Player 4 Mid E Mid G Mid A High C# 
Player 5 *Low F# *Low G Mid C# Mid A 
Player 6 *Low E Mid D High E High F# 
Player 7 *Low E *Low G# Mid B High D 
Player 8 *Low C# *Mid C# Mid B High C 
Wrote recoloring data. 
Number of conflicts: 9 
 
